¿ªÊ¼Ê±¼ä:2024-09-03 22:28:37
Ö´ĞĞÃüÁî£ºAT+VER	³É¹¦	ok=2.0.10,11 (2018-11-22 1737)
<<=========================================================

=========================================================>>
è®¾ç½®æµ‹è¯•................
Ö´ĞĞÃüÁî£ºAT+WMODE=sta	³É¹¦	+ok
Ö´ĞĞÃüÁî£ºAT+WSKEY=wpa2psk,aes,[æ— çº¿_å¯†ç ]	³É¹¦	+ok
Ö´ĞĞÃüÁî£ºAT+WSSSID=[ æ— çº¿_id ]	³É¹¦	+ok
Ö´ĞĞÃüÁî£ºAT+Z	³É¹¦	
<<=========================================================

=========================================================>>
ç­‰å¾…æ¨¡å—å¯åŠ¨...
Ö´ĞĞÃüÁî£ºAT+VER	³É¹¦	+ok=2.0.10,11 (2018-11-22 1737)
<<=========================================================

=========================================================>>
æ£€æŸ¥è¿æ¥...
ĞÅºÅÇ¿¶È£º+ok=Disconnected

ĞÅºÅÇ¿¶È£º+ok=Disconnected

ĞÅºÅÇ¿¶È£º+ok=Disconnected

ĞÅºÅÇ¿¶È£º+ok=Disconnected

ĞÅºÅÇ¿¶È£º+ok=Disconnected

ĞÅºÅÇ¿¶È£º+ok=Disconnected

ĞÅºÅÇ¿¶È£º+ok=Disconnected

ĞÅºÅÇ¿¶È£º+ok=Disconnected

ĞÅºÅÇ¿¶È£º+ok=Disconnected

ĞÅºÅÇ¿¶È£º+ok=Disconnected

<<=========================================================

=========================================================>>
é…ç½®å¤±è´¥
½áÊøÊ±¼ä:2024-09-03 22:29:17
